Using pre-set license
Built from '2020.3/staging' branch; Version is '2020.3.4f1 (0abb6314276a) revision 703331'; Using compiler version '192528614'; Build Type 'Release'
OS: 'Windows 10 Pro Education; OS build 18363.1556; Version 1909; 64bit' Language: 'pl' Physical Memory: 16335 MB
BatchMode: 1, IsHumanControllingUs: 0, StartBugReporterOnCrash: 0, Is64bit: 1, IsPro: 0

 COMMAND LINE ARGUMENTS:
F:\unity\2020.3.4f1\Editor\Unity.exe
-adb2
-batchMode
-noUpm
-name
AssetImportWorker0
-projectPath
D:/silniki gier/Game
-logFile
Logs/AssetImportWorker0.log
-srvPort
61492
Successfully changed project path to: D:/silniki gier/Game
D:/silniki gier/Game
Using Asset Import Pipeline V2.
Default GameObject BitMask: background already registered

Refreshing native plugins compatible for Editor in 47.40 ms, found 1 plugins.
Preloading 0 native plugins for Editor in 0.00 ms.
Initialize engine version: 2020.3.4f1 (0abb6314276a)
[Subsystems] Discovering subsystems at path F:/unity/2020.3.4f1/Editor/Data/Resources/UnitySubsystems
[Subsystems] Discovering subsystems at path D:/silniki gier/Game/Assets
GfxDevice: creating device client; threaded=0
Direct3D:
    Version:  Direct3D 11.0 [level 11.1]
    Renderer: Radeon RX 570 Series (ID=0x67df)
    Vendor:   
    VRAM:     8171 MB
    Driver:   30.0.13025.5005
Initialize mono
Mono path[0] = 'F:/unity/2020.3.4f1/Editor/Data/Managed'
Mono path[1] = 'F:/unity/2020.3.4f1/Editor/Data/MonoBleedingEdge/lib/mono/unityjit'
Mono config path = 'F:/unity/2020.3.4f1/Editor/Data/MonoBleedingEdge/etc'
Using monoOptions --debugger-agent=transport=dt_socket,embedding=1,server=y,suspend=n,address=127.0.0.1:56960
Begin MonoManager ReloadAssembly
Registering precompiled unity dll's ...
Register platform support module: F:/unity/2020.3.4f1/Editor/Data/PlaybackEngines/WindowsStandaloneSupport/UnityEditor.WindowsStandalone.Extensions.dll
Registered in 0.002151 seconds.
Native extension for WindowsStandalone target not found
Refreshing native plugins compatible for Editor in 50.61 ms, found 1 plugins.
Preloading 0 native plugins for Editor in 0.00 ms.
Mono: successfully reloaded assembly
- Completed reload, in  1.746 seconds
Platform modules already initialized, skipping
Registering precompiled user dll's ...
Registered in 0.001527 seconds.
Begin MonoManager ReloadAssembly
Native extension for WindowsStandalone target not found
Refreshing native plugins compatible for Editor in 53.76 ms, found 1 plugins.
Preloading 0 native plugins for Editor in 0.00 ms.
Mono: successfully reloaded assembly
- Completed reload, in  1.452 seconds
Platform modules already initialized, skipping
========================================================================
Worker process is ready to serve import requests
Default GameObject BitMask: background already registered

Launched and connected shader compiler UnityShaderCompiler.exe after 0.10 seconds
Refreshing native plugins compatible for Editor in 0.63 ms, found 1 plugins.
Preloading 0 native plugins for Editor in 0.00 ms.
Unloading 1825 Unused Serialized files (Serialized files now loaded: 0)
System memory in use before: 85.6 MB.
System memory in use after: 85.5 MB.

Unloading 24 unused Assets to reduce memory usage. Loaded Objects now: 2269.
Total: 2.448200 ms (FindLiveObjects: 0.216100 ms CreateObjectMapping: 0.055500 ms MarkObjects: 2.015400 ms  DeleteObjects: 0.159600 ms)

========================================================================
Received Import Request.
  path: Assets/scripts/Fighter.cs
  artifactKey: Guid(1da2c7582009c824dba60ac3a682d5a3) Importer(815301076,1909f56bfc062723c751e8b465ee728b)
Start importing Assets/scripts/Fighter.cs using Guid(1da2c7582009c824dba60ac3a682d5a3) Importer(815301076,1909f56bfc062723c751e8b465ee728b)  -> (artifact id: 'e0f51f08b9b9583dfeb455537449bb52') in 0.027757 seconds
  Import took 0.030962 seconds .

========================================================================
Received Prepare
Default GameObject BitMask: background already registered

Registering precompiled user dll's ...
Registered in 0.001254 seconds.
Begin MonoManager ReloadAssembly
Native extension for WindowsStandalone target not found
Refreshing native plugins compatible for Editor in 0.44 ms, found 1 plugins.
Preloading 0 native plugins for Editor in 0.00 ms.
Mono: successfully reloaded assembly
- Completed reload, in  0.983 seconds
Platform modules already initialized, skipping
Refreshing native plugins compatible for Editor in 0.43 ms, found 1 plugins.
Preloading 0 native plugins for Editor in 0.00 ms.
Unloading 1820 Unused Serialized files (Serialized files now loaded: 0)
System memory in use before: 85.5 MB.
System memory in use after: 85.5 MB.

Unloading 12 unused Assets to reduce memory usage. Loaded Objects now: 2273.
Total: 2.246300 ms (FindLiveObjects: 0.220200 ms CreateObjectMapping: 0.050700 ms MarkObjects: 1.851000 ms  DeleteObjects: 0.122900 ms)

========================================================================
Received Prepare
Default GameObject BitMask: background already registered

Registering precompiled user dll's ...
Registered in 0.001187 seconds.
Begin MonoManager ReloadAssembly
Native extension for WindowsStandalone target not found
Refreshing native plugins compatible for Editor in 0.44 ms, found 1 plugins.
Preloading 0 native plugins for Editor in 0.00 ms.
Mono: successfully reloaded assembly
- Completed reload, in  0.959 seconds
Platform modules already initialized, skipping
Refreshing native plugins compatible for Editor in 0.42 ms, found 1 plugins.
Preloading 0 native plugins for Editor in 0.00 ms.
Unloading 1820 Unused Serialized files (Serialized files now loaded: 0)
System memory in use before: 85.6 MB.
System memory in use after: 85.5 MB.

Unloading 12 unused Assets to reduce memory usage. Loaded Objects now: 2277.
Total: 2.185700 ms (FindLiveObjects: 0.219000 ms CreateObjectMapping: 0.052900 ms MarkObjects: 1.795700 ms  DeleteObjects: 0.116900 ms)

========================================================================
Received Import Request.
  Time since last request: 1176.530459 seconds.
  path: Assets/scripts/GameManager.cs
  artifactKey: Guid(18a4098e5e3f9914589859d96d2c91c2) Importer(815301076,1909f56bfc062723c751e8b465ee728b)
Start importing Assets/scripts/GameManager.cs using Guid(18a4098e5e3f9914589859d96d2c91c2) Importer(815301076,1909f56bfc062723c751e8b465ee728b)  -> (artifact id: 'bdba0b7683fd047e38b64a40d953c952') in 0.007370 seconds
  Import took 0.040525 seconds .

========================================================================
Received Import Request.
  Time since last request: 0.000423 seconds.
  path: Assets/scripts/GameManager.cs
  artifactKey: Guid(18a4098e5e3f9914589859d96d2c91c2) Importer(815301076,1909f56bfc062723c751e8b465ee728b)
Start importing Assets/scripts/GameManager.cs using Guid(18a4098e5e3f9914589859d96d2c91c2) Importer(815301076,1909f56bfc062723c751e8b465ee728b)  -> (artifact id: 'bdba0b7683fd047e38b64a40d953c952') in 0.004042 seconds
  Import took 0.006779 seconds .

========================================================================
Received Import Request.
  Time since last request: 46.538852 seconds.
  path: Assets/Scenes/level-1.unity
  artifactKey: Guid(f3d00730a5c92a646b656dca71592ae7) Importer(815301076,1909f56bfc062723c751e8b465ee728b)
Start importing Assets/Scenes/level-1.unity using Guid(f3d00730a5c92a646b656dca71592ae7) Importer(815301076,1909f56bfc062723c751e8b465ee728b)  -> (artifact id: '6e4e2166f61db0df3eaed26d660c2473') in 0.020988 seconds
  Import took 0.037515 seconds .

========================================================================
Received Import Request.
  Time since last request: 10.416067 seconds.
  path: Assets/Scenes/level-2.unity
  artifactKey: Guid(7a144ccf43301fe45b36138fb3c3c10e) Importer(815301076,1909f56bfc062723c751e8b465ee728b)
Start importing Assets/Scenes/level-2.unity using Guid(7a144ccf43301fe45b36138fb3c3c10e) Importer(815301076,1909f56bfc062723c751e8b465ee728b)  -> (artifact id: '07dbaee48c560bcdc655adc7db69798e') in 0.004655 seconds
  Import took 0.061562 seconds .

========================================================================
Received Import Request.
  Time since last request: 7.202397 seconds.
  path: Assets/Scenes/level-3.unity
  artifactKey: Guid(5baac5802cca8ba448fc43d7576f72f7) Importer(815301076,1909f56bfc062723c751e8b465ee728b)
Start importing Assets/Scenes/level-3.unity using Guid(5baac5802cca8ba448fc43d7576f72f7) Importer(815301076,1909f56bfc062723c751e8b465ee728b)  -> (artifact id: '15cfa4fba4f3f1913a8482f2e2a2ab6d') in 0.004485 seconds
  Import took 0.017233 seconds .

========================================================================
Received Import Request.
  Time since last request: 10.096051 seconds.
  path: Assets/Scenes/SampleScene.unity
  artifactKey: Guid(2cda990e2423bbf4892e6590ba056729) Importer(815301076,1909f56bfc062723c751e8b465ee728b)
Start importing Assets/Scenes/SampleScene.unity using Guid(2cda990e2423bbf4892e6590ba056729) Importer(815301076,1909f56bfc062723c751e8b465ee728b)  -> (artifact id: '9a601b2143e62f8f15c892abc0df6610') in 0.005049 seconds
  Import took 0.016834 seconds .

========================================================================
Received Prepare
Default GameObject BitMask: background already registered

Registering precompiled user dll's ...
Registered in 0.001979 seconds.
Begin MonoManager ReloadAssembly
Native extension for WindowsStandalone target not found
Refreshing native plugins compatible for Editor in 0.64 ms, found 1 plugins.
Preloading 0 native plugins for Editor in 0.00 ms.
Mono: successfully reloaded assembly
- Completed reload, in  1.177 seconds
Platform modules already initialized, skipping
Refreshing native plugins compatible for Editor in 0.45 ms, found 1 plugins.
Preloading 0 native plugins for Editor in 0.00 ms.
Unloading 1820 Unused Serialized files (Serialized files now loaded: 0)
System memory in use before: 85.6 MB.
System memory in use after: 85.6 MB.

Unloading 12 unused Assets to reduce memory usage. Loaded Objects now: 2281.
Total: 2.163200 ms (FindLiveObjects: 0.197300 ms CreateObjectMapping: 0.050900 ms MarkObjects: 1.792700 ms  DeleteObjects: 0.121500 ms)

========================================================================
Received Import Request.
  Time since last request: 150.319578 seconds.
  path: Assets/scripts/DontDestroy.cs
  artifactKey: Guid(6db25f4bd7bbcb042a8971fecdc66ac3) Importer(815301076,1909f56bfc062723c751e8b465ee728b)
Start importing Assets/scripts/DontDestroy.cs using Guid(6db25f4bd7bbcb042a8971fecdc66ac3) Importer(815301076,1909f56bfc062723c751e8b465ee728b)  -> (artifact id: '4909f50178dd3d5b0c0b9f2d77a1a3eb') in 0.008039 seconds
  Import took 0.017878 seconds .

========================================================================
Received Prepare
Default GameObject BitMask: background already registered

Registering precompiled user dll's ...
Registered in 0.001092 seconds.
Begin MonoManager ReloadAssembly
Native extension for WindowsStandalone target not found
Refreshing native plugins compatible for Editor in 0.46 ms, found 1 plugins.
Preloading 0 native plugins for Editor in 0.00 ms.
Mono: successfully reloaded assembly
- Completed reload, in  0.962 seconds
Platform modules already initialized, skipping
Refreshing native plugins compatible for Editor in 0.46 ms, found 1 plugins.
Preloading 0 native plugins for Editor in 0.00 ms.
Unloading 1821 Unused Serialized files (Serialized files now loaded: 0)
System memory in use before: 85.7 MB.
System memory in use after: 85.6 MB.

Unloading 12 unused Assets to reduce memory usage. Loaded Objects now: 2286.
Total: 2.550700 ms (FindLiveObjects: 0.338000 ms CreateObjectMapping: 0.071900 ms MarkObjects: 2.006100 ms  DeleteObjects: 0.133100 ms)

========================================================================
Received Prepare
Default GameObject BitMask: background already registered

Registering precompiled user dll's ...
Registered in 0.001013 seconds.
Begin MonoManager ReloadAssembly
Native extension for WindowsStandalone target not found
Refreshing native plugins compatible for Editor in 0.43 ms, found 1 plugins.
Preloading 0 native plugins for Editor in 0.00 ms.
Mono: successfully reloaded assembly
- Completed reload, in  0.956 seconds
Platform modules already initialized, skipping
Refreshing native plugins compatible for Editor in 0.43 ms, found 1 plugins.
Preloading 0 native plugins for Editor in 0.00 ms.
Unloading 1821 Unused Serialized files (Serialized files now loaded: 0)
System memory in use before: 85.7 MB.
System memory in use after: 85.6 MB.

Unloading 12 unused Assets to reduce memory usage. Loaded Objects now: 2290.
Total: 2.353800 ms (FindLiveObjects: 0.223400 ms CreateObjectMapping: 0.052200 ms MarkObjects: 1.944700 ms  DeleteObjects: 0.132500 ms)

========================================================================
Received Import Request.
  Time since last request: 158.420495 seconds.
  path: Assets/scripts/DontDestroy.cs
  artifactKey: Guid(6db25f4bd7bbcb042a8971fecdc66ac3) Importer(815301076,1909f56bfc062723c751e8b465ee728b)
Start importing Assets/scripts/DontDestroy.cs using Guid(6db25f4bd7bbcb042a8971fecdc66ac3) Importer(815301076,1909f56bfc062723c751e8b465ee728b)  -> (artifact id: '23588bf593e6d2741184648cb009df74') in 0.007270 seconds
  Import took 0.010497 seconds .

========================================================================
Received Import Request.
  Time since last request: 19.507547 seconds.
  path: Assets/scripts/GameManager.cs
  artifactKey: Guid(18a4098e5e3f9914589859d96d2c91c2) Importer(815301076,1909f56bfc062723c751e8b465ee728b)
Start importing Assets/scripts/GameManager.cs using Guid(18a4098e5e3f9914589859d96d2c91c2) Importer(815301076,1909f56bfc062723c751e8b465ee728b)  -> (artifact id: 'd4f2f9735cf4f74cf7bfed0276e82e3e') in 0.040082 seconds
  Import took 0.043065 seconds .

========================================================================
Received Import Request.
  Time since last request: 32.960838 seconds.
  path: Assets/Scenes/level-1.unity
  artifactKey: Guid(f3d00730a5c92a646b656dca71592ae7) Importer(815301076,1909f56bfc062723c751e8b465ee728b)
Start importing Assets/Scenes/level-1.unity using Guid(f3d00730a5c92a646b656dca71592ae7) Importer(815301076,1909f56bfc062723c751e8b465ee728b)  -> (artifact id: 'c027a9bea239d0fd93f1338a4c470754') in 0.011217 seconds
  Import took 0.014601 seconds .

========================================================================
Received Import Request.
  Time since last request: 0.000554 seconds.
  path: Assets/Scenes/level-1.unity
  artifactKey: Guid(f3d00730a5c92a646b656dca71592ae7) Importer(815301076,1909f56bfc062723c751e8b465ee728b)
Start importing Assets/Scenes/level-1.unity using Guid(f3d00730a5c92a646b656dca71592ae7) Importer(815301076,1909f56bfc062723c751e8b465ee728b)  -> (artifact id: 'c027a9bea239d0fd93f1338a4c470754') in 0.004062 seconds
  Import took 0.007005 seconds .

========================================================================
Received Import Request.
  Time since last request: 3.941631 seconds.
  path: Assets/Scenes/level-2.unity
  artifactKey: Guid(7a144ccf43301fe45b36138fb3c3c10e) Importer(815301076,1909f56bfc062723c751e8b465ee728b)
Start importing Assets/Scenes/level-2.unity using Guid(7a144ccf43301fe45b36138fb3c3c10e) Importer(815301076,1909f56bfc062723c751e8b465ee728b)  -> (artifact id: '90d1afd706f7d0b68d6429e532135caa') in 0.004135 seconds
  Import took 0.007181 seconds .

========================================================================
Received Import Request.
  Time since last request: 5.405093 seconds.
  path: Assets/Scenes/level-3.unity
  artifactKey: Guid(5baac5802cca8ba448fc43d7576f72f7) Importer(815301076,1909f56bfc062723c751e8b465ee728b)
Start importing Assets/Scenes/level-3.unity using Guid(5baac5802cca8ba448fc43d7576f72f7) Importer(815301076,1909f56bfc062723c751e8b465ee728b)  -> (artifact id: '15780cda1b254baae182bd013c816b0b') in 0.004655 seconds
  Import took 0.007646 seconds .

========================================================================
Received Import Request.
  Time since last request: 8.208360 seconds.
  path: Assets/Scenes/SampleScene.unity
  artifactKey: Guid(2cda990e2423bbf4892e6590ba056729) Importer(815301076,1909f56bfc062723c751e8b465ee728b)
Start importing Assets/Scenes/SampleScene.unity using Guid(2cda990e2423bbf4892e6590ba056729) Importer(815301076,1909f56bfc062723c751e8b465ee728b)  -> (artifact id: '7ed247ca337fb99bde25c8ad5c37aa56') in 0.004534 seconds
  Import took 0.007570 seconds .

========================================================================
Received Prepare
Default GameObject BitMask: background already registered

Registering precompiled user dll's ...
Registered in 0.001027 seconds.
Begin MonoManager ReloadAssembly
Native extension for WindowsStandalone target not found
Refreshing native plugins compatible for Editor in 0.44 ms, found 1 plugins.
Preloading 0 native plugins for Editor in 0.00 ms.
Mono: successfully reloaded assembly
- Completed reload, in  0.944 seconds
Platform modules already initialized, skipping
Refreshing native plugins compatible for Editor in 0.43 ms, found 1 plugins.
Preloading 0 native plugins for Editor in 0.00 ms.
Unloading 1821 Unused Serialized files (Serialized files now loaded: 0)
System memory in use before: 85.7 MB.
System memory in use after: 85.7 MB.

Unloading 12 unused Assets to reduce memory usage. Loaded Objects now: 2294.
Total: 2.311000 ms (FindLiveObjects: 0.202100 ms CreateObjectMapping: 0.052600 ms MarkObjects: 1.931900 ms  DeleteObjects: 0.123500 ms)

========================================================================
Received Prepare
Default GameObject BitMask: background already registered

Registering precompiled user dll's ...
Registered in 0.001037 seconds.
Begin MonoManager ReloadAssembly
Native extension for WindowsStandalone target not found
Refreshing native plugins compatible for Editor in 0.44 ms, found 1 plugins.
Preloading 0 native plugins for Editor in 0.00 ms.
Mono: successfully reloaded assembly
- Completed reload, in  1.019 seconds
Platform modules already initialized, skipping
Refreshing native plugins compatible for Editor in 0.87 ms, found 1 plugins.
Preloading 0 native plugins for Editor in 0.00 ms.
Unloading 1821 Unused Serialized files (Serialized files now loaded: 0)
System memory in use before: 85.7 MB.
System memory in use after: 85.7 MB.

Unloading 12 unused Assets to reduce memory usage. Loaded Objects now: 2298.
Total: 2.726100 ms (FindLiveObjects: 0.276300 ms CreateObjectMapping: 0.067100 ms MarkObjects: 2.226800 ms  DeleteObjects: 0.154800 ms)

========================================================================
Received Import Request.
  Time since last request: 188.304525 seconds.
  path: Assets/Scenes/level-1.unity
  artifactKey: Guid(f3d00730a5c92a646b656dca71592ae7) Importer(815301076,1909f56bfc062723c751e8b465ee728b)
Start importing Assets/Scenes/level-1.unity using Guid(f3d00730a5c92a646b656dca71592ae7) Importer(815301076,1909f56bfc062723c751e8b465ee728b)  -> (artifact id: 'a05fdbd1099cb289ca6578241f97268b') in 0.014185 seconds
  Import took 0.017558 seconds .

========================================================================
Received Import Request.
  Time since last request: 0.000446 seconds.
  path: Assets/Scenes/level-1.unity
  artifactKey: Guid(f3d00730a5c92a646b656dca71592ae7) Importer(815301076,1909f56bfc062723c751e8b465ee728b)
Start importing Assets/Scenes/level-1.unity using Guid(f3d00730a5c92a646b656dca71592ae7) Importer(815301076,1909f56bfc062723c751e8b465ee728b)  -> (artifact id: 'a05fdbd1099cb289ca6578241f97268b') in 0.004335 seconds
  Import took 0.007318 seconds .

========================================================================
Received Prepare
Default GameObject BitMask: background already registered

Registering precompiled user dll's ...
Registered in 0.001326 seconds.
Begin MonoManager ReloadAssembly
Native extension for WindowsStandalone target not found
Refreshing native plugins compatible for Editor in 0.44 ms, found 1 plugins.
Preloading 0 native plugins for Editor in 0.00 ms.
Mono: successfully reloaded assembly
- Completed reload, in  0.971 seconds
Platform modules already initialized, skipping
Refreshing native plugins compatible for Editor in 0.44 ms, found 1 plugins.
Preloading 0 native plugins for Editor in 0.00 ms.
Unloading 1821 Unused Serialized files (Serialized files now loaded: 0)
System memory in use before: 85.7 MB.
System memory in use after: 85.7 MB.

Unloading 12 unused Assets to reduce memory usage. Loaded Objects now: 2302.
Total: 2.237000 ms (FindLiveObjects: 0.206600 ms CreateObjectMapping: 0.051700 ms MarkObjects: 1.845900 ms  DeleteObjects: 0.131700 ms)

========================================================================
Received Import Request.
  Time since last request: 28.303529 seconds.
  path: Assets/Scenes/SampleScene.unity
  artifactKey: Guid(2cda990e2423bbf4892e6590ba056729) Importer(815301076,1909f56bfc062723c751e8b465ee728b)
Start importing Assets/Scenes/SampleScene.unity using Guid(2cda990e2423bbf4892e6590ba056729) Importer(815301076,1909f56bfc062723c751e8b465ee728b)  -> (artifact id: 'e959b4a5a3998ead0ac70220d8b7647e') in 0.015230 seconds
  Import took 0.018605 seconds .

========================================================================
Received Prepare
Default GameObject BitMask: background already registered

Registering precompiled user dll's ...
Registered in 0.001266 seconds.
Begin MonoManager ReloadAssembly
Native extension for WindowsStandalone target not found
Refreshing native plugins compatible for Editor in 0.44 ms, found 1 plugins.
Preloading 0 native plugins for Editor in 0.00 ms.
Mono: successfully reloaded assembly
- Completed reload, in  0.982 seconds
Platform modules already initialized, skipping
Refreshing native plugins compatible for Editor in 0.46 ms, found 1 plugins.
Preloading 0 native plugins for Editor in 0.00 ms.
Unloading 1821 Unused Serialized files (Serialized files now loaded: 0)
System memory in use before: 85.7 MB.
System memory in use after: 85.7 MB.

Unloading 12 unused Assets to reduce memory usage. Loaded Objects now: 2306.
Total: 2.292600 ms (FindLiveObjects: 0.198000 ms CreateObjectMapping: 0.050500 ms MarkObjects: 1.917900 ms  DeleteObjects: 0.125300 ms)

========================================================================
Received Import Request.
  Time since last request: 46.708540 seconds.
  path: Assets/Scenes/level-2.unity
  artifactKey: Guid(7a144ccf43301fe45b36138fb3c3c10e) Importer(815301076,1909f56bfc062723c751e8b465ee728b)
Start importing Assets/Scenes/level-2.unity using Guid(7a144ccf43301fe45b36138fb3c3c10e) Importer(815301076,1909f56bfc062723c751e8b465ee728b)  -> (artifact id: 'c1b750a9d2b99ed5dcf2f0e090ef9b26') in 0.015545 seconds
  Import took 0.019031 seconds .

========================================================================
Received Import Request.
  Time since last request: 4.227554 seconds.
  path: Assets/Scenes/level-3.unity
  artifactKey: Guid(5baac5802cca8ba448fc43d7576f72f7) Importer(815301076,1909f56bfc062723c751e8b465ee728b)
Start importing Assets/Scenes/level-3.unity using Guid(5baac5802cca8ba448fc43d7576f72f7) Importer(815301076,1909f56bfc062723c751e8b465ee728b)  -> (artifact id: '6a8059419058116deebd60bf0aa669d3') in 0.004680 seconds
  Import took 0.007777 seconds .

========================================================================
Received Import Request.
  Time since last request: 5.332179 seconds.
  path: Assets/Scenes/SampleScene.unity
  artifactKey: Guid(2cda990e2423bbf4892e6590ba056729) Importer(815301076,1909f56bfc062723c751e8b465ee728b)
Start importing Assets/Scenes/SampleScene.unity using Guid(2cda990e2423bbf4892e6590ba056729) Importer(815301076,1909f56bfc062723c751e8b465ee728b)  -> (artifact id: '9106a9aca3b8154794a966296e640625') in 0.004488 seconds
  Import took 0.007641 seconds .

========================================================================
Received Prepare
Default GameObject BitMask: background already registered

Registering precompiled user dll's ...
Registered in 0.001028 seconds.
Begin MonoManager ReloadAssembly
Native extension for WindowsStandalone target not found
Refreshing native plugins compatible for Editor in 0.45 ms, found 1 plugins.
Preloading 0 native plugins for Editor in 0.00 ms.
Mono: successfully reloaded assembly
- Completed reload, in  0.966 seconds
Platform modules already initialized, skipping
Refreshing native plugins compatible for Editor in 0.43 ms, found 1 plugins.
Preloading 0 native plugins for Editor in 0.00 ms.
Unloading 1821 Unused Serialized files (Serialized files now loaded: 0)
System memory in use before: 85.8 MB.
System memory in use after: 85.7 MB.

Unloading 12 unused Assets to reduce memory usage. Loaded Objects now: 2310.
Total: 2.246600 ms (FindLiveObjects: 0.212900 ms CreateObjectMapping: 0.051500 ms MarkObjects: 1.852100 ms  DeleteObjects: 0.128600 ms)

========================================================================
Received Prepare
Default GameObject BitMask: background already registered

Registering precompiled user dll's ...
Registered in 0.001061 seconds.
Begin MonoManager ReloadAssembly
Native extension for WindowsStandalone target not found
Refreshing native plugins compatible for Editor in 0.84 ms, found 1 plugins.
Preloading 0 native plugins for Editor in 0.00 ms.
Mono: successfully reloaded assembly
- Completed reload, in  1.172 seconds
Platform modules already initialized, skipping
Refreshing native plugins compatible for Editor in 0.45 ms, found 1 plugins.
Preloading 0 native plugins for Editor in 0.00 ms.
Unloading 1821 Unused Serialized files (Serialized files now loaded: 0)
System memory in use before: 85.8 MB.
System memory in use after: 85.7 MB.

Unloading 12 unused Assets to reduce memory usage. Loaded Objects now: 2314.
Total: 2.187000 ms (FindLiveObjects: 0.221100 ms CreateObjectMapping: 0.051500 ms MarkObjects: 1.781700 ms  DeleteObjects: 0.131600 ms)

========================================================================
Received Prepare
Default GameObject BitMask: background already registered

Registering precompiled user dll's ...
Registered in 0.000998 seconds.
Begin MonoManager ReloadAssembly
Native extension for WindowsStandalone target not found
Refreshing native plugins compatible for Editor in 0.45 ms, found 1 plugins.
Preloading 0 native plugins for Editor in 0.00 ms.
Mono: successfully reloaded assembly
- Completed reload, in  1.033 seconds
Platform modules already initialized, skipping
Refreshing native plugins compatible for Editor in 0.44 ms, found 1 plugins.
Preloading 0 native plugins for Editor in 0.00 ms.
Unloading 1821 Unused Serialized files (Serialized files now loaded: 0)
System memory in use before: 85.8 MB.
System memory in use after: 85.8 MB.

Unloading 12 unused Assets to reduce memory usage. Loaded Objects now: 2318.
Total: 3.288000 ms (FindLiveObjects: 0.226200 ms CreateObjectMapping: 0.051800 ms MarkObjects: 2.873400 ms  DeleteObjects: 0.135000 ms)

========================================================================
Received Prepare
Default GameObject BitMask: background already registered

Registering precompiled user dll's ...
Registered in 0.000997 seconds.
Begin MonoManager ReloadAssembly
Native extension for WindowsStandalone target not found
Refreshing native plugins compatible for Editor in 0.45 ms, found 1 plugins.
Preloading 0 native plugins for Editor in 0.00 ms.
Mono: successfully reloaded assembly
- Completed reload, in  1.049 seconds
Platform modules already initialized, skipping
Refreshing native plugins compatible for Editor in 0.43 ms, found 1 plugins.
Preloading 0 native plugins for Editor in 0.00 ms.
Unloading 1821 Unused Serialized files (Serialized files now loaded: 0)
System memory in use before: 85.8 MB.
System memory in use after: 85.8 MB.

Unloading 12 unused Assets to reduce memory usage. Loaded Objects now: 2322.
Total: 2.185600 ms (FindLiveObjects: 0.211400 ms CreateObjectMapping: 0.050600 ms MarkObjects: 1.798100 ms  DeleteObjects: 0.124500 ms)

========================================================================
Received Prepare
Default GameObject BitMask: background already registered

Registering precompiled user dll's ...
Registered in 0.000996 seconds.
Begin MonoManager ReloadAssembly
Native extension for WindowsStandalone target not found
Refreshing native plugins compatible for Editor in 0.45 ms, found 1 plugins.
Preloading 0 native plugins for Editor in 0.00 ms.
Mono: successfully reloaded assembly
- Completed reload, in  0.942 seconds
Platform modules already initialized, skipping
Refreshing native plugins compatible for Editor in 0.45 ms, found 1 plugins.
Preloading 0 native plugins for Editor in 0.00 ms.
Unloading 1821 Unused Serialized files (Serialized files now loaded: 0)
System memory in use before: 85.8 MB.
System memory in use after: 85.8 MB.

Unloading 12 unused Assets to reduce memory usage. Loaded Objects now: 2326.
Total: 2.182700 ms (FindLiveObjects: 0.207300 ms CreateObjectMapping: 0.051900 ms MarkObjects: 1.800900 ms  DeleteObjects: 0.121800 ms)

========================================================================
Received Prepare
Default GameObject BitMask: background already registered

Registering precompiled user dll's ...
Registered in 0.001020 seconds.
Begin MonoManager ReloadAssembly
Native extension for WindowsStandalone target not found
Refreshing native plugins compatible for Editor in 0.44 ms, found 1 plugins.
Preloading 0 native plugins for Editor in 0.00 ms.
Mono: successfully reloaded assembly
- Completed reload, in  0.935 seconds
Platform modules already initialized, skipping
Refreshing native plugins compatible for Editor in 0.44 ms, found 1 plugins.
Preloading 0 native plugins for Editor in 0.00 ms.
Unloading 1821 Unused Serialized files (Serialized files now loaded: 0)
System memory in use before: 85.8 MB.
System memory in use after: 85.8 MB.

Unloading 12 unused Assets to reduce memory usage. Loaded Objects now: 2330.
Total: 2.182300 ms (FindLiveObjects: 0.206800 ms CreateObjectMapping: 0.052900 ms MarkObjects: 1.799000 ms  DeleteObjects: 0.122400 ms)

AssetImportWorkerClient::OnTransportError - code=2 error=End of file
