Using pre-set license
Built from '2020.3/staging' branch; Version is '2020.3.4f1 (0abb6314276a) revision 703331'; Using compiler version '192528614'; Build Type 'Release'
OS: 'Windows 10 Pro Education; OS build 18363.1556; Version 1909; 64bit' Language: 'pl' Physical Memory: 16335 MB
BatchMode: 1, IsHumanControllingUs: 0, StartBugReporterOnCrash: 0, Is64bit: 1, IsPro: 0

 COMMAND LINE ARGUMENTS:
F:\unity\2020.3.4f1\Editor\Unity.exe
-adb2
-batchMode
-noUpm
-name
AssetImportWorker0
-projectPath
D:/silniki gier/Game
-logFile
Logs/AssetImportWorker0.log
-srvPort
59730
Successfully changed project path to: D:/silniki gier/Game
D:/silniki gier/Game
Using Asset Import Pipeline V2.
Default GameObject BitMask: background already registered

Refreshing native plugins compatible for Editor in 49.59 ms, found 1 plugins.
Preloading 0 native plugins for Editor in 0.00 ms.
Initialize engine version: 2020.3.4f1 (0abb6314276a)
[Subsystems] Discovering subsystems at path F:/unity/2020.3.4f1/Editor/Data/Resources/UnitySubsystems
[Subsystems] Discovering subsystems at path D:/silniki gier/Game/Assets
GfxDevice: creating device client; threaded=0
Direct3D:
    Version:  Direct3D 11.0 [level 11.1]
    Renderer: Radeon RX 570 Series (ID=0x67df)
    Vendor:   
    VRAM:     8171 MB
    Driver:   30.0.13025.5005
Initialize mono
Mono path[0] = 'F:/unity/2020.3.4f1/Editor/Data/Managed'
Mono path[1] = 'F:/unity/2020.3.4f1/Editor/Data/MonoBleedingEdge/lib/mono/unityjit'
Mono config path = 'F:/unity/2020.3.4f1/Editor/Data/MonoBleedingEdge/etc'
Using monoOptions --debugger-agent=transport=dt_socket,embedding=1,server=y,suspend=n,address=127.0.0.1:56192
Begin MonoManager ReloadAssembly
Registering precompiled unity dll's ...
Register platform support module: F:/unity/2020.3.4f1/Editor/Data/PlaybackEngines/WindowsStandaloneSupport/UnityEditor.WindowsStandalone.Extensions.dll
Registered in 0.001340 seconds.
Native extension for WindowsStandalone target not found
Refreshing native plugins compatible for Editor in 48.36 ms, found 1 plugins.
Preloading 0 native plugins for Editor in 0.00 ms.
Mono: successfully reloaded assembly
- Completed reload, in  1.425 seconds
Platform modules already initialized, skipping
Registering precompiled user dll's ...
Registered in 0.000985 seconds.
Begin MonoManager ReloadAssembly
Native extension for WindowsStandalone target not found
Refreshing native plugins compatible for Editor in 47.73 ms, found 1 plugins.
Preloading 0 native plugins for Editor in 0.00 ms.
Mono: successfully reloaded assembly
- Completed reload, in  1.076 seconds
Platform modules already initialized, skipping
========================================================================
Worker process is ready to serve import requests
Default GameObject BitMask: background already registered

Launched and connected shader compiler UnityShaderCompiler.exe after 0.07 seconds
Refreshing native plugins compatible for Editor in 0.41 ms, found 1 plugins.
Preloading 0 native plugins for Editor in 0.00 ms.
Unloading 1827 Unused Serialized files (Serialized files now loaded: 0)
System memory in use before: 85.6 MB.
System memory in use after: 85.6 MB.

Unloading 24 unused Assets to reduce memory usage. Loaded Objects now: 2271.
Total: 2.512700 ms (FindLiveObjects: 0.209000 ms CreateObjectMapping: 0.064100 ms MarkObjects: 2.095100 ms  DeleteObjects: 0.143300 ms)

========================================================================
Received Import Request.
  path: Assets/Scenes/level-2.unity
  artifactKey: Guid(7a144ccf43301fe45b36138fb3c3c10e) Importer(815301076,1909f56bfc062723c751e8b465ee728b)
Start importing Assets/Scenes/level-2.unity using Guid(7a144ccf43301fe45b36138fb3c3c10e) Importer(815301076,1909f56bfc062723c751e8b465ee728b)  -> (artifact id: '2576b6f009911d8d3525848e6265d144') in 0.013197 seconds
  Import took 0.016166 seconds .

========================================================================
Received Import Request.
  Time since last request: 3.061126 seconds.
  path: Assets/Scenes/level-2.unity
  artifactKey: Guid(7a144ccf43301fe45b36138fb3c3c10e) Importer(815301076,1909f56bfc062723c751e8b465ee728b)
Start importing Assets/Scenes/level-2.unity using Guid(7a144ccf43301fe45b36138fb3c3c10e) Importer(815301076,1909f56bfc062723c751e8b465ee728b)  -> (artifact id: '58cd82ffd268c44b04f90d5e3810eb2c') in 0.004322 seconds
  Import took 0.007371 seconds .

========================================================================
Received Import Request.
  Time since last request: 239.224637 seconds.
  path: Assets/Scenes/level-3.unity
  artifactKey: Guid(5baac5802cca8ba448fc43d7576f72f7) Importer(815301076,1909f56bfc062723c751e8b465ee728b)
Start importing Assets/Scenes/level-3.unity using Guid(5baac5802cca8ba448fc43d7576f72f7) Importer(815301076,1909f56bfc062723c751e8b465ee728b)  -> (artifact id: '66c2c9e15052e8ec6e46cf82b593c2bc') in 0.004698 seconds
  Import took 0.007875 seconds .

========================================================================
Received Import Request.
  Time since last request: 110.613738 seconds.
  path: Assets/Scenes/level-3.unity
  artifactKey: Guid(5baac5802cca8ba448fc43d7576f72f7) Importer(815301076,1909f56bfc062723c751e8b465ee728b)
Start importing Assets/Scenes/level-3.unity using Guid(5baac5802cca8ba448fc43d7576f72f7) Importer(815301076,1909f56bfc062723c751e8b465ee728b)  -> (artifact id: '60849cc9c9674d51b6ab79584656e632') in 0.004406 seconds
  Import took 0.007421 seconds .

========================================================================
Received Import Request.
  Time since last request: 36.172708 seconds.
  path: Assets/Scenes/level-4.unity
  artifactKey: Guid(12d607456beef4546929521ee0b35132) Importer(815301076,1909f56bfc062723c751e8b465ee728b)
Start importing Assets/Scenes/level-4.unity using Guid(12d607456beef4546929521ee0b35132) Importer(815301076,1909f56bfc062723c751e8b465ee728b)  -> (artifact id: 'a128ec0c9f85c17f176d206549c1a573') in 0.004134 seconds
  Import took 0.007328 seconds .

========================================================================
Received Import Request.
  Time since last request: 81.206312 seconds.
  path: Assets/prefabs/enemy_marble_boss.prefab
  artifactKey: Guid(f3af2af4e5efff2418f46f6632a11f58) Importer(815301076,1909f56bfc062723c751e8b465ee728b)
Start importing Assets/prefabs/enemy_marble_boss.prefab using Guid(f3af2af4e5efff2418f46f6632a11f58) Importer(815301076,1909f56bfc062723c751e8b465ee728b)  -> (artifact id: '33e56b1d115abf0faf2ede78f4ac88e1') in 0.116036 seconds
  Import took 0.119366 seconds .

========================================================================
Received Import Request.
  Time since last request: 21.033388 seconds.
  path: Assets/prefabs/enemy_marble_boss.prefab
  artifactKey: Guid(f3af2af4e5efff2418f46f6632a11f58) Importer(815301076,1909f56bfc062723c751e8b465ee728b)
Start importing Assets/prefabs/enemy_marble_boss.prefab using Guid(f3af2af4e5efff2418f46f6632a11f58) Importer(815301076,1909f56bfc062723c751e8b465ee728b)  -> (artifact id: 'aa31485e8786c717fc161dedcbd4fc17') in 0.014666 seconds
  Import took 0.017979 seconds .

========================================================================
Received Import Request.
  Time since last request: 0.059214 seconds.
  path: Assets/prefabs/enemy_marble_boss.prefab
  artifactKey: Guid(f3af2af4e5efff2418f46f6632a11f58) Importer(815301076,1909f56bfc062723c751e8b465ee728b)
Start importing Assets/prefabs/enemy_marble_boss.prefab using Guid(f3af2af4e5efff2418f46f6632a11f58) Importer(815301076,1909f56bfc062723c751e8b465ee728b)  -> (artifact id: 'aa31485e8786c717fc161dedcbd4fc17') in 0.013303 seconds
  Import took 0.016774 seconds .

========================================================================
Received Import Request.
  Time since last request: 17.774961 seconds.
  path: Assets/prefabs/enemy_mesh_boss.prefab
  artifactKey: Guid(96711bf4a2fe0b2458a22551e3c934fd) Importer(815301076,1909f56bfc062723c751e8b465ee728b)
Start importing Assets/prefabs/enemy_mesh_boss.prefab using Guid(96711bf4a2fe0b2458a22551e3c934fd) Importer(815301076,1909f56bfc062723c751e8b465ee728b)  -> (artifact id: '5ca564aa74d0b6951d2d2e436ae4715c') in 0.014703 seconds
  Import took 0.018315 seconds .

========================================================================
Received Import Request.
  Time since last request: 6.630446 seconds.
  path: Assets/prefabs/enemy_marble_boss.prefab
  artifactKey: Guid(f3af2af4e5efff2418f46f6632a11f58) Importer(815301076,1909f56bfc062723c751e8b465ee728b)
Start importing Assets/prefabs/enemy_marble_boss.prefab using Guid(f3af2af4e5efff2418f46f6632a11f58) Importer(815301076,1909f56bfc062723c751e8b465ee728b)  -> (artifact id: '5c8f2dc85eaf75d352c55cef591350ad') in 0.013341 seconds
  Import took 0.016546 seconds .

========================================================================
Received Import Request.
  Time since last request: 1.075983 seconds.
  path: Assets/prefabs/enemy_marble_boss.prefab
  artifactKey: Guid(f3af2af4e5efff2418f46f6632a11f58) Importer(815301076,1909f56bfc062723c751e8b465ee728b)
Start importing Assets/prefabs/enemy_marble_boss.prefab using Guid(f3af2af4e5efff2418f46f6632a11f58) Importer(815301076,1909f56bfc062723c751e8b465ee728b)  -> (artifact id: '34228e9ea0472f19af84bf6c3f87066d') in 0.013088 seconds
  Import took 0.017366 seconds .

========================================================================
Received Import Request.
  Time since last request: 2.218625 seconds.
  path: Assets/prefabs/enemy_marble_boss.prefab
  artifactKey: Guid(f3af2af4e5efff2418f46f6632a11f58) Importer(815301076,1909f56bfc062723c751e8b465ee728b)
Start importing Assets/prefabs/enemy_marble_boss.prefab using Guid(f3af2af4e5efff2418f46f6632a11f58) Importer(815301076,1909f56bfc062723c751e8b465ee728b)  -> (artifact id: 'f8fd05d6a6828656c6a665f1bc7c923d') in 0.016336 seconds
  Import took 0.019781 seconds .

========================================================================
Received Import Request.
  Time since last request: 0.043888 seconds.
  path: Assets/prefabs/enemy_marble_boss.prefab
  artifactKey: Guid(f3af2af4e5efff2418f46f6632a11f58) Importer(815301076,1909f56bfc062723c751e8b465ee728b)
Start importing Assets/prefabs/enemy_marble_boss.prefab using Guid(f3af2af4e5efff2418f46f6632a11f58) Importer(815301076,1909f56bfc062723c751e8b465ee728b)  -> (artifact id: 'f8fd05d6a6828656c6a665f1bc7c923d') in 0.013074 seconds
  Import took 0.016547 seconds .

========================================================================
Received Import Request.
  Time since last request: 1.982707 seconds.
  path: Assets/prefabs/enemy_marble_boss.prefab
  artifactKey: Guid(f3af2af4e5efff2418f46f6632a11f58) Importer(815301076,1909f56bfc062723c751e8b465ee728b)
Start importing Assets/prefabs/enemy_marble_boss.prefab using Guid(f3af2af4e5efff2418f46f6632a11f58) Importer(815301076,1909f56bfc062723c751e8b465ee728b)  -> (artifact id: '1982264ded26731ae293b7a25aa68371') in 0.016521 seconds
  Import took 0.019777 seconds .

========================================================================
Received Import Request.
  Time since last request: 10.920226 seconds.
  path: Assets/prefabs/enemy_marble_boss.prefab
  artifactKey: Guid(f3af2af4e5efff2418f46f6632a11f58) Importer(815301076,1909f56bfc062723c751e8b465ee728b)
Start importing Assets/prefabs/enemy_marble_boss.prefab using Guid(f3af2af4e5efff2418f46f6632a11f58) Importer(815301076,1909f56bfc062723c751e8b465ee728b)  -> (artifact id: 'c920c2331a81ef3ae661c7618fbf961d') in 0.015718 seconds
  Import took 0.019027 seconds .

========================================================================
Received Import Request.
  Time since last request: 14.331879 seconds.
  path: Assets/prefabs/enemy_marble_boss.prefab
  artifactKey: Guid(f3af2af4e5efff2418f46f6632a11f58) Importer(815301076,1909f56bfc062723c751e8b465ee728b)
Start importing Assets/prefabs/enemy_marble_boss.prefab using Guid(f3af2af4e5efff2418f46f6632a11f58) Importer(815301076,1909f56bfc062723c751e8b465ee728b)  -> (artifact id: '80153955dd05be0bd491d0fe72345921') in 0.013455 seconds
  Import took 0.016984 seconds .

========================================================================
Received Import Request.
  Time since last request: 11.094828 seconds.
  path: Assets/prefabs/enemy_marble_boss.prefab
  artifactKey: Guid(f3af2af4e5efff2418f46f6632a11f58) Importer(815301076,1909f56bfc062723c751e8b465ee728b)
Start importing Assets/prefabs/enemy_marble_boss.prefab using Guid(f3af2af4e5efff2418f46f6632a11f58) Importer(815301076,1909f56bfc062723c751e8b465ee728b)  -> (artifact id: '54577a213a7b72faf987a7ba9d07f55b') in 0.013606 seconds
  Import took 0.017305 seconds .

========================================================================
Received Import Request.
  Time since last request: 15.551872 seconds.
  path: Assets/prefabs/enemy_cave_boss.prefab
  artifactKey: Guid(7eb18dc0eadbae5468ccf204d255a273) Importer(815301076,1909f56bfc062723c751e8b465ee728b)
Start importing Assets/prefabs/enemy_cave_boss.prefab using Guid(7eb18dc0eadbae5468ccf204d255a273) Importer(815301076,1909f56bfc062723c751e8b465ee728b)  -> (artifact id: 'eaba8475607f9476b8cfdb9958c834c9') in 0.013195 seconds
  Import took 0.016570 seconds .

========================================================================
Received Import Request.
  Time since last request: 7.374217 seconds.
  path: Assets/prefabs/enemy_marble_boss.prefab
  artifactKey: Guid(f3af2af4e5efff2418f46f6632a11f58) Importer(815301076,1909f56bfc062723c751e8b465ee728b)
Start importing Assets/prefabs/enemy_marble_boss.prefab using Guid(f3af2af4e5efff2418f46f6632a11f58) Importer(815301076,1909f56bfc062723c751e8b465ee728b)  -> (artifact id: '0b139c6b8e9dfc120efe77a39021f950') in 0.015489 seconds
  Import took 0.018790 seconds .

========================================================================
Received Import Request.
  Time since last request: 7.302857 seconds.
  path: Assets/prefabs/enemy_ice_boss.prefab
  artifactKey: Guid(dbd1cea13f445384292a89bf0c6965c8) Importer(815301076,1909f56bfc062723c751e8b465ee728b)
Start importing Assets/prefabs/enemy_ice_boss.prefab using Guid(dbd1cea13f445384292a89bf0c6965c8) Importer(815301076,1909f56bfc062723c751e8b465ee728b)  -> (artifact id: '967474479ac43fbdc07d3e92c2f92495') in 0.015093 seconds
  Import took 0.018311 seconds .

========================================================================
Received Import Request.
  Time since last request: 12.137465 seconds.
  path: Assets/prefabs/enemy_mesh_boss.prefab
  artifactKey: Guid(96711bf4a2fe0b2458a22551e3c934fd) Importer(815301076,1909f56bfc062723c751e8b465ee728b)
Start importing Assets/prefabs/enemy_mesh_boss.prefab using Guid(96711bf4a2fe0b2458a22551e3c934fd) Importer(815301076,1909f56bfc062723c751e8b465ee728b)  -> (artifact id: 'da09ae8f8246a2b6594c693915bbb855') in 0.014124 seconds
  Import took 0.017532 seconds .

========================================================================
Received Import Request.
  Time since last request: 432.440709 seconds.
  path: Assets/prefabs/enemy_marble_robot_4.prefab
  artifactKey: Guid(82098d11153e94e4cb784a4c93d8fd9e) Importer(815301076,1909f56bfc062723c751e8b465ee728b)
Start importing Assets/prefabs/enemy_marble_robot_4.prefab using Guid(82098d11153e94e4cb784a4c93d8fd9e) Importer(815301076,1909f56bfc062723c751e8b465ee728b)  -> (artifact id: '867c108d38c0fba9adaade68638bc13e') in 0.020436 seconds
  Import took 0.024064 seconds .

========================================================================
Received Import Request.
  Time since last request: 152.460491 seconds.
  path: Assets/prefabs/enemy_finall_gladiator_.prefab
  artifactKey: Guid(60a235fd11967e34a845912bfd02b16e) Importer(815301076,1909f56bfc062723c751e8b465ee728b)
Start importing Assets/prefabs/enemy_finall_gladiator_.prefab using Guid(60a235fd11967e34a845912bfd02b16e) Importer(815301076,1909f56bfc062723c751e8b465ee728b)  -> (artifact id: 'cce3317e5fa86f4a8f9b23fc9c93f0a7') in 0.014339 seconds
  Import took 0.018221 seconds .

========================================================================
Received Import Request.
  Time since last request: 5.456923 seconds.
  path: Assets/prefabs/enemy_finall_gladiator_1.prefab
  artifactKey: Guid(60a235fd11967e34a845912bfd02b16e) Importer(815301076,1909f56bfc062723c751e8b465ee728b)
Start importing Assets/prefabs/enemy_finall_gladiator_1.prefab using Guid(60a235fd11967e34a845912bfd02b16e) Importer(815301076,1909f56bfc062723c751e8b465ee728b)  -> (artifact id: 'ff9cefd0215d41546c6f7050f63e7ea5') in 0.014062 seconds
  Import took 0.017373 seconds .

========================================================================
Received Import Request.
  Time since last request: 4.208559 seconds.
  path: Assets/prefabs/enemy_finall_gladiator_1.prefab
  artifactKey: Guid(60a235fd11967e34a845912bfd02b16e) Importer(815301076,1909f56bfc062723c751e8b465ee728b)
Start importing Assets/prefabs/enemy_finall_gladiator_1.prefab using Guid(60a235fd11967e34a845912bfd02b16e) Importer(815301076,1909f56bfc062723c751e8b465ee728b)  -> (artifact id: 'c3e711cef0f32e065d0230b61e91d125') in 0.017024 seconds
  Import took 0.020425 seconds .

========================================================================
Received Import Request.
  Time since last request: 0.042679 seconds.
  path: Assets/prefabs/enemy_finall_gladiator_1.prefab
  artifactKey: Guid(60a235fd11967e34a845912bfd02b16e) Importer(815301076,1909f56bfc062723c751e8b465ee728b)
Start importing Assets/prefabs/enemy_finall_gladiator_1.prefab using Guid(60a235fd11967e34a845912bfd02b16e) Importer(815301076,1909f56bfc062723c751e8b465ee728b)  -> (artifact id: 'c3e711cef0f32e065d0230b61e91d125') in 0.012857 seconds
  Import took 0.016149 seconds .

========================================================================
Received Import Request.
  Time since last request: 33.410405 seconds.
  path: Assets/prefabs/enemy_finall_gladiator_2.prefab
  artifactKey: Guid(b2ab1abaf2a951844b0c0214a75367db) Importer(815301076,1909f56bfc062723c751e8b465ee728b)
Start importing Assets/prefabs/enemy_finall_gladiator_2.prefab using Guid(b2ab1abaf2a951844b0c0214a75367db) Importer(815301076,1909f56bfc062723c751e8b465ee728b)  -> (artifact id: '5a890f33714c9b3784fb5d9ba445a1fb') in 0.016209 seconds
  Import took 0.019533 seconds .

========================================================================
Received Import Request.
  Time since last request: 11.787535 seconds.
  path: Assets/prefabs/enemy_finall_gladiator_4.prefab
  artifactKey: Guid(075b610940fef7d45800917408ebb79c) Importer(815301076,1909f56bfc062723c751e8b465ee728b)
Start importing Assets/prefabs/enemy_finall_gladiator_4.prefab using Guid(075b610940fef7d45800917408ebb79c) Importer(815301076,1909f56bfc062723c751e8b465ee728b)  -> (artifact id: '7ca917f3f78239e2a26515eb38abd950') in 0.013695 seconds
  Import took 0.016989 seconds .

========================================================================
Received Import Request.
  Time since last request: 4.945509 seconds.
  path: Assets/prefabs/enemy_finall_gladiator_5.prefab
  artifactKey: Guid(f2778439f92c5c74d9685d279613ba4b) Importer(815301076,1909f56bfc062723c751e8b465ee728b)
Start importing Assets/prefabs/enemy_finall_gladiator_5.prefab using Guid(f2778439f92c5c74d9685d279613ba4b) Importer(815301076,1909f56bfc062723c751e8b465ee728b)  -> (artifact id: '9188ee08c4dadf53555975a9c0146424') in 0.013050 seconds
  Import took 0.016650 seconds .

========================================================================
Received Import Request.
  Time since last request: 0.000497 seconds.
  path: Assets/prefabs/enemy_finall_gladiator_5.prefab
  artifactKey: Guid(f2778439f92c5c74d9685d279613ba4b) Importer(815301076,1909f56bfc062723c751e8b465ee728b)
Start importing Assets/prefabs/enemy_finall_gladiator_5.prefab using Guid(f2778439f92c5c74d9685d279613ba4b) Importer(815301076,1909f56bfc062723c751e8b465ee728b)  -> (artifact id: '9188ee08c4dadf53555975a9c0146424') in 0.013518 seconds
  Import took 0.017723 seconds .

========================================================================
Received Import Request.
  Time since last request: 6.348883 seconds.
  path: Assets/prefabs/enemy_finall_gladiator_2.prefab
  artifactKey: Guid(b2ab1abaf2a951844b0c0214a75367db) Importer(815301076,1909f56bfc062723c751e8b465ee728b)
Start importing Assets/prefabs/enemy_finall_gladiator_2.prefab using Guid(b2ab1abaf2a951844b0c0214a75367db) Importer(815301076,1909f56bfc062723c751e8b465ee728b)  -> (artifact id: 'e655331b8d71f5d8a267bc45e5610bc5') in 0.014939 seconds
  Import took 0.018386 seconds .

========================================================================
Received Import Request.
  Time since last request: 6.972271 seconds.
  path: Assets/prefabs/enemy_finall_gladiator_3.prefab
  artifactKey: Guid(3fb8393bee5cc1f4584829faa38d548b) Importer(815301076,1909f56bfc062723c751e8b465ee728b)
Start importing Assets/prefabs/enemy_finall_gladiator_3.prefab using Guid(3fb8393bee5cc1f4584829faa38d548b) Importer(815301076,1909f56bfc062723c751e8b465ee728b)  -> (artifact id: 'd0f7314c1f1088d25db423398d88bf8a') in 0.015307 seconds
  Import took 0.019076 seconds .

========================================================================
Received Import Request.
  Time since last request: 3.311826 seconds.
  path: Assets/prefabs/enemy_finall_gladiator_3.prefab
  artifactKey: Guid(3fb8393bee5cc1f4584829faa38d548b) Importer(815301076,1909f56bfc062723c751e8b465ee728b)
Start importing Assets/prefabs/enemy_finall_gladiator_3.prefab using Guid(3fb8393bee5cc1f4584829faa38d548b) Importer(815301076,1909f56bfc062723c751e8b465ee728b)  -> (artifact id: '37cf92305befd0e75b398c0b426fae9c') in 0.015689 seconds
  Import took 0.018992 seconds .

========================================================================
Received Import Request.
  Time since last request: 4.679419 seconds.
  path: Assets/prefabs/enemy_finall_gladiator_4.prefab
  artifactKey: Guid(075b610940fef7d45800917408ebb79c) Importer(815301076,1909f56bfc062723c751e8b465ee728b)
Start importing Assets/prefabs/enemy_finall_gladiator_4.prefab using Guid(075b610940fef7d45800917408ebb79c) Importer(815301076,1909f56bfc062723c751e8b465ee728b)  -> (artifact id: '47f553d1dd2001df1e87e829eab6e64b') in 0.014892 seconds
  Import took 0.018514 seconds .

========================================================================
Received Import Request.
  Time since last request: 0.063877 seconds.
  path: Assets/prefabs/enemy_finall_gladiator_4.prefab
  artifactKey: Guid(075b610940fef7d45800917408ebb79c) Importer(815301076,1909f56bfc062723c751e8b465ee728b)
Start importing Assets/prefabs/enemy_finall_gladiator_4.prefab using Guid(075b610940fef7d45800917408ebb79c) Importer(815301076,1909f56bfc062723c751e8b465ee728b)  -> (artifact id: '47f553d1dd2001df1e87e829eab6e64b') in 0.014042 seconds
  Import took 0.017508 seconds .

========================================================================
Received Import Request.
  Time since last request: 4.220069 seconds.
  path: Assets/prefabs/enemy_finall_gladiator_5.prefab
  artifactKey: Guid(f2778439f92c5c74d9685d279613ba4b) Importer(815301076,1909f56bfc062723c751e8b465ee728b)
Start importing Assets/prefabs/enemy_finall_gladiator_5.prefab using Guid(f2778439f92c5c74d9685d279613ba4b) Importer(815301076,1909f56bfc062723c751e8b465ee728b)  -> (artifact id: 'e13988dd37be2454000d0b3f5b712ae7') in 0.014950 seconds
  Import took 0.018278 seconds .

========================================================================
Received Import Request.
  Time since last request: 846.463640 seconds.
  path: Assets/Scenes/level-3.unity
  artifactKey: Guid(5baac5802cca8ba448fc43d7576f72f7) Importer(815301076,1909f56bfc062723c751e8b465ee728b)
Start importing Assets/Scenes/level-3.unity using Guid(5baac5802cca8ba448fc43d7576f72f7) Importer(815301076,1909f56bfc062723c751e8b465ee728b)  -> (artifact id: '3a44b092ec446d2cb7b8b10c1956b486') in 0.004616 seconds
  Import took 0.007886 seconds .

========================================================================
Received Import Request.
  Time since last request: 0.699064 seconds.
  path: Assets/Scenes/level-4.unity
  artifactKey: Guid(12d607456beef4546929521ee0b35132) Importer(815301076,1909f56bfc062723c751e8b465ee728b)
Start importing Assets/Scenes/level-4.unity using Guid(12d607456beef4546929521ee0b35132) Importer(815301076,1909f56bfc062723c751e8b465ee728b)  -> (artifact id: '96a8743a67f2eb53122d311b24fdec8f') in 0.005227 seconds
  Import took 0.008442 seconds .

========================================================================
Received Import Request.
  Time since last request: 316.046356 seconds.
  path: Assets/prefabs/enemy_finall_boss.prefab
  artifactKey: Guid(06843e9190a50be45925679deaaed0f5) Importer(815301076,1909f56bfc062723c751e8b465ee728b)
Start importing Assets/prefabs/enemy_finall_boss.prefab using Guid(06843e9190a50be45925679deaaed0f5) Importer(815301076,1909f56bfc062723c751e8b465ee728b)  -> (artifact id: 'cd84173a3cf5c7951905ac49473898dd') in 0.013494 seconds
  Import took 0.017121 seconds .

========================================================================
Received Import Request.
  Time since last request: 6.618989 seconds.
  path: Assets/prefabs/enemy_finall_boss.prefab
  artifactKey: Guid(06843e9190a50be45925679deaaed0f5) Importer(815301076,1909f56bfc062723c751e8b465ee728b)
Start importing Assets/prefabs/enemy_finall_boss.prefab using Guid(06843e9190a50be45925679deaaed0f5) Importer(815301076,1909f56bfc062723c751e8b465ee728b)  -> (artifact id: '7a7330d5853b1e2029bfac688b6ddfa8') in 0.013987 seconds
  Import took 0.017489 seconds .

========================================================================
Received Import Request.
  Time since last request: 31.687184 seconds.
  path: Assets/Scenes/Main.unity
  artifactKey: Guid(2cda990e2423bbf4892e6590ba056729) Importer(815301076,1909f56bfc062723c751e8b465ee728b)
Start importing Assets/Scenes/Main.unity using Guid(2cda990e2423bbf4892e6590ba056729) Importer(815301076,1909f56bfc062723c751e8b465ee728b)  -> (artifact id: '829956c942c8cad6e58fd64e7e30b9df') in 0.005689 seconds
  Import took 0.009500 seconds .

========================================================================
Received Prepare
Default GameObject BitMask: background already registered

Refreshing native plugins compatible for Editor in 1.63 ms, found 1 plugins.
Preloading 0 native plugins for Editor in 0.00 ms.
Unloading 10 Unused Serialized files (Serialized files now loaded: 0)
System memory in use before: 53.2 MB.
System memory in use after: 53.2 MB.

Unloading 10 unused Assets to reduce memory usage. Loaded Objects now: 2278.
Total: 5.030900 ms (FindLiveObjects: 0.217100 ms CreateObjectMapping: 0.054700 ms MarkObjects: 4.633200 ms  DeleteObjects: 0.124100 ms)

========================================================================
Received Import Request.
  Time since last request: 387.986266 seconds.
  path: Assets/Scenes/level-1.unity
  artifactKey: Guid(f3d00730a5c92a646b656dca71592ae7) Importer(815301076,1909f56bfc062723c751e8b465ee728b)
Start importing Assets/Scenes/level-1.unity using Guid(f3d00730a5c92a646b656dca71592ae7) Importer(815301076,1909f56bfc062723c751e8b465ee728b)  -> (artifact id: 'affd7437110d32bea202fa097c6e2905') in 0.005190 seconds
  Import took 0.008765 seconds .

========================================================================
Received Import Request.
  Time since last request: 19.734286 seconds.
  path: Assets/Scenes/level-2.unity
  artifactKey: Guid(7a144ccf43301fe45b36138fb3c3c10e) Importer(815301076,1909f56bfc062723c751e8b465ee728b)
Start importing Assets/Scenes/level-2.unity using Guid(7a144ccf43301fe45b36138fb3c3c10e) Importer(815301076,1909f56bfc062723c751e8b465ee728b)  -> (artifact id: 'c82fcbaef427bbaaecdd425c0049defb') in 0.004953 seconds
  Import took 0.008068 seconds .

========================================================================
Received Import Request.
  Time since last request: 7.375159 seconds.
  path: Assets/Scenes/level-1.unity
  artifactKey: Guid(f3d00730a5c92a646b656dca71592ae7) Importer(815301076,1909f56bfc062723c751e8b465ee728b)
Start importing Assets/Scenes/level-1.unity using Guid(f3d00730a5c92a646b656dca71592ae7) Importer(815301076,1909f56bfc062723c751e8b465ee728b)  -> (artifact id: '9fc6c1049fb4fbbe96f15d9d5682b348') in 0.004325 seconds
  Import took 0.007463 seconds .

========================================================================
Received Import Request.
  Time since last request: 41.916703 seconds.
  path: Assets/Scenes/level-5.unity
  artifactKey: Guid(26231ab06a0f2dc4e8b6948f88049787) Importer(815301076,1909f56bfc062723c751e8b465ee728b)
Start importing Assets/Scenes/level-5.unity using Guid(26231ab06a0f2dc4e8b6948f88049787) Importer(815301076,1909f56bfc062723c751e8b465ee728b)  -> (artifact id: '078e580edcf6d45ffc3fb59da8697a09') in 0.004620 seconds
  Import took 0.007923 seconds .

========================================================================
Received Import Request.
  Time since last request: 51.458294 seconds.
  path: Assets/Scenes/level-2.unity
  artifactKey: Guid(7a144ccf43301fe45b36138fb3c3c10e) Importer(815301076,1909f56bfc062723c751e8b465ee728b)
Start importing Assets/Scenes/level-2.unity using Guid(7a144ccf43301fe45b36138fb3c3c10e) Importer(815301076,1909f56bfc062723c751e8b465ee728b)  -> (artifact id: '78a0944e04f142a419eeb0ae5cd46ac4') in 0.005346 seconds
  Import took 0.009279 seconds .

========================================================================
Received Import Request.
  Time since last request: 5.645597 seconds.
  path: Assets/Scenes/level-4.unity
  artifactKey: Guid(12d607456beef4546929521ee0b35132) Importer(815301076,1909f56bfc062723c751e8b465ee728b)
Start importing Assets/Scenes/level-4.unity using Guid(12d607456beef4546929521ee0b35132) Importer(815301076,1909f56bfc062723c751e8b465ee728b)  -> (artifact id: '57933fa717e98851234e205c161743a2') in 0.005712 seconds
  Import took 0.008868 seconds .

========================================================================
Received Import Request.
  Time since last request: 9.592759 seconds.
  path: Assets/Scenes/level-5.unity
  artifactKey: Guid(26231ab06a0f2dc4e8b6948f88049787) Importer(815301076,1909f56bfc062723c751e8b465ee728b)
Start importing Assets/Scenes/level-5.unity using Guid(26231ab06a0f2dc4e8b6948f88049787) Importer(815301076,1909f56bfc062723c751e8b465ee728b)  -> (artifact id: 'c437e9181f4be8548ecdec6fa40114f0') in 0.004631 seconds
  Import took 0.007781 seconds .

========================================================================
Received Import Request.
  Time since last request: 444.772602 seconds.
  path: Assets/Scenes/level-3.unity
  artifactKey: Guid(5baac5802cca8ba448fc43d7576f72f7) Importer(815301076,1909f56bfc062723c751e8b465ee728b)
Start importing Assets/Scenes/level-3.unity using Guid(5baac5802cca8ba448fc43d7576f72f7) Importer(815301076,1909f56bfc062723c751e8b465ee728b)  -> (artifact id: '07da3064de2548b288dc8a2785121dfd') in 0.004872 seconds
  Import took 0.008396 seconds .

========================================================================
Received Import Request.
  Time since last request: 219.663309 seconds.
  path: Assets/Scenes/level-4.unity
  artifactKey: Guid(12d607456beef4546929521ee0b35132) Importer(815301076,1909f56bfc062723c751e8b465ee728b)
Start importing Assets/Scenes/level-4.unity using Guid(12d607456beef4546929521ee0b35132) Importer(815301076,1909f56bfc062723c751e8b465ee728b)  -> (artifact id: '33228a9abc693e08cb2990bc114d0b96') in 0.004958 seconds
  Import took 0.008627 seconds .

========================================================================
Received Prepare
Default GameObject BitMask: background already registered

Refreshing native plugins compatible for Editor in 2.22 ms, found 1 plugins.
Preloading 0 native plugins for Editor in 0.00 ms.
Unloading 10 Unused Serialized files (Serialized files now loaded: 0)
System memory in use before: 53.3 MB.
System memory in use after: 53.2 MB.

Unloading 10 unused Assets to reduce memory usage. Loaded Objects now: 2278.
Total: 2.813200 ms (FindLiveObjects: 0.213100 ms CreateObjectMapping: 0.052600 ms MarkObjects: 2.424500 ms  DeleteObjects: 0.121500 ms)

AssetImportWorkerClient::OnTransportError - code=2 error=End of file
